<?xml version="1.0" encoding="UTF-8" ?>
<testsuite tests="10" failures="0" name="com.code.advancedsql.MySQLTest" time="0.456" errors="0" skipped="0">
  <properties>
[...]
</properties>
  <testcase classname="com.code.advancedsql.MySQLTest" name="testTruncate" time="0.263"/>
  <testcase classname="com.code.advancedsql.MySQLTest" name="testConnection" time="0.009"/>
  <testcase classname="com.code.advancedsql.MySQLTest" name="testCreateTable" time="0.052"/>
  <testcase classname="com.code.advancedsql.MySQLTest" name="testDrop" time="0.014"/>
  <testcase classname="com.code.advancedsql.MySQLTest" name="testCreateSelectJoin" time="0.047"/>
  <testcase classname="com.code.advancedsql.MySQLTest" name="testAfterTable" time="0.017"/>
  <testcase classname="com.code.advancedsql.MySQLTest" name="testDelete" time="0.014"/>
  <testcase classname="com.code.advancedsql.MySQLTest" name="testInsert" time="0.015"/>
  <testcase classname="com.code.advancedsql.MySQLTest" name="testSelect" time="0.015"/>
  <testcase classname="com.code.advancedsql.MySQLTest" name="testUpdate" time="0.01"/>
</testsuite>